#
# A fatal error has been detected by the Java Runtime Environment:
#
#  EXCEPTION_ACCESS_VIOLATION (0xc0000005) at pc=0x0000000180005b6b, pid=6692, tid=0x0000000000002da0
#
# JRE version: Java(TM) SE Runtime Environment (8.0_112-b15) (build 1.8.0_112-b15)
# Java VM: Java HotSpot(TM) 64-Bit Server VM (25.112-b15 mixed mode windows-amd64 compressed oops)
# Problematic frame:
# C  [rxtxSerial.dll+0x5b6b]
#
# Failed to write core dump. Minidumps are not enabled by default on client versions of Windows
#
# If you would like to submit a bug report, please visit:
#   http://bugreport.java.com/bugreport/crash.jsp
# The crash happened outside the Java Virtual Machine in native code.
# See problematic frame for where to report the bug.
#

---------------  T H R E A D  ---------------

Current thread (0x000000001c555000):  JavaThread "Thread-3" [_thread_in_native, id=11680, stack(0x000000001df70000,0x000000001e070000)]

siginfo: ExceptionCode=0xc0000005, writing address 0x000000001df6eb28

Registers:
RAX=0x00000000ffffffff, RBX=0x0000000000000000, RCX=0x2f40bba6384b0000, RDX=0x0000000000000000
RSP=0x000000001e06f4d0, RBP=0x00000000ffffffff, RSI=0x0000000000000003, RDI=0x0000000000000001
R8 =0x000000001e06efb0, R9 =0x0000000180000000, R10=0x0000000000000000, R11=0x0000000000000200
R12=0x000000001df6eb20, R13=0x0000000000000001, R14=0x0000000000000000, R15=0x0000000000000000
RIP=0x0000000180005b6b, EFLAGS=0x0000000000010286

Top of Stack: (sp=0x000000001e06f4d0)
0x000000001e06f4d0:   0000000000000000 0000000000000000
0x000000001e06f4e0:   0000000000000000 0000000000000000
0x000000001e06f4f0:   0000000000000000 000000001e06f6b8
0x000000001e06f500:   000000001cc4ac78 0000000000000001
0x000000001e06f510:   000000001c5551f8 0000000000000001
0x000000001e06f520:   ffffffffffffffff 0000000180006211
0x000000001e06f530:   000000001c5792a0 0000000000000001
0x000000001e06f540:   0000000000000001 000000001c5792a0
0x000000001e06f550:   0000000000000001 0000000affffffff
0x000000001e06f560:   000000001e06f6c0 000000001c555000
0x000000001e06f570:   000000001c555000 0000000000000000
0x000000001e06f580:   0000fd97872663e2 000000005ea8e305
0x000000001e06f590:   000000001e06f6d0 0000000000000001
0x000000001e06f5a0:   0000000000000000 0000fd9787266252
0x000000001e06f5b0:   000000001e06f6b0 000000001cc4ac78
0x000000001e06f5c0:   000000001c555000 000000001e06f6c0 

Instructions: (pc=0x0000000180005b6b)
0x0000000180005b4b:   31 00 00 85 c0 78 33 74 06 03 d8 2b f8 eb 0a b9
0x0000000180005b5b:   e8 03 00 00 e8 1c 1c 00 00 41 3b dd 7c b7 8b c3
0x0000000180005b6b:   45 89 74 24 08 48 8b 5c 24 60 48 83 c4 20 41 5f
0x0000000180005b7b:   41 5e 41 5d 41 5c 5f 5e 5d c3 e8 1e 61 00 00 83 


Register to memory mapping:

RAX=0x00000000ffffffff is an unallocated location in the heap
RBX=0x0000000000000000 is an unknown value
RCX=0x2f40bba6384b0000 is an unknown value
RDX=0x0000000000000000 is an unknown value
RSP=0x000000001e06f4d0 is pointing into the stack for thread: 0x000000001c555000
RBP=0x00000000ffffffff is an unallocated location in the heap
RSI=0x0000000000000003 is an unknown value
RDI=0x0000000000000001 is an unknown value
R8 =0x000000001e06efb0 is pointing into the stack for thread: 0x000000001c555000
R9 =0x0000000180000000 is an unknown value
R10=0x0000000000000000 is an unknown value
R11=0x0000000000000200 is an unknown value
R12=0x000000001df6eb20 is an unknown value
R13=0x0000000000000001 is an unknown value
R14=0x0000000000000000 is an unknown value
R15=0x0000000000000000 is an unknown value


Stack: [0x000000001df70000,0x000000001e070000],  sp=0x000000001e06f4d0,  free space=1021k
Native frames: (J=compiled Java code, j=interpreted, Vv=VM code, C=native code)
C  [rxtxSerial.dll+0x5b6b]
C  [rxtxSerial.dll+0x6211]
C  0x0000000004c47f74

Java frames: (J=compiled Java code, j=interpreted, Vv=VM code)
j  gnu.io.RXTXPort.readArray([BII)I+0
j  gnu.io.RXTXPort$SerialInputStream.read([BII)I+212
j  gnu.io.RXTXPort$SerialInputStream.read([B)I+60
j  greenhouseservice.port_listeners.SerialReader.run()V+13
j  java.lang.Thread.run()V+11
v  ~StubRoutines::call_stub

---------------  P R O C E S S  ---------------

Java Threads: ( => current thread )
  0x000000001c569800 JavaThread "Thread-4" [_thread_blocked, id=8288, stack(0x000000001e070000,0x000000001e170000)]
=>0x000000001c555000 JavaThread "Thread-3" [_thread_in_native, id=11680, stack(0x000000001df70000,0x000000001e070000)]
  0x000000001c558000 JavaThread "TimerQueue" daemon [_thread_blocked, id=12468, stack(0x000000001dd70000,0x000000001de70000)]
  0x0000000004a62800 JavaThread "DestroyJavaVM" [_thread_blocked, id=7572, stack(0x0000000004920000,0x0000000004a20000)]
  0x000000001b462800 JavaThread "AWT-EventQueue-0" [_thread_blocked, id=11988, stack(0x000000001be00000,0x000000001bf00000)]
  0x000000001b453800 JavaThread "AWT-Windows" daemon [_thread_in_native, id=8828, stack(0x000000001bc40000,0x000000001bd40000)]
  0x000000001b451000 JavaThread "AWT-Shutdown" [_thread_blocked, id=1712, stack(0x000000001bb40000,0x000000001bc40000)]
  0x000000001b44f000 JavaThread "Java2D Disposer" daemon [_thread_blocked, id=4104, stack(0x000000001ba40000,0x000000001bb40000)]
  0x000000001b0a3800 JavaThread "Service Thread" daemon [_thread_blocked, id=12196, stack(0x000000001b470000,0x000000001b570000)]
  0x0000000019726000 JavaThread "C1 CompilerThread2" daemon [_thread_blocked, id=9360, stack(0x000000001af70000,0x000000001b070000)]
  0x000000001971f000 JavaThread "C2 CompilerThread1" daemon [_thread_blocked, id=12980, stack(0x000000001ae70000,0x000000001af70000)]
  0x000000001972d000 JavaThread "C2 CompilerThread0" daemon [_thread_blocked, id=9184, stack(0x000000001ad70000,0x000000001ae70000)]
  0x000000001972b800 JavaThread "Attach Listener" daemon [_thread_blocked, id=9516, stack(0x000000001ac70000,0x000000001ad70000)]
  0x000000001972a800 JavaThread "Signal Dispatcher" daemon [_thread_blocked, id=12432, stack(0x000000001ab70000,0x000000001ac70000)]
  0x0000000019709000 JavaThread "Finalizer" daemon [_thread_blocked, id=12648, stack(0x000000001a980000,0x000000001aa80000)]
  0x0000000004b54800 JavaThread "Reference Handler" daemon [_thread_blocked, id=9988, stack(0x000000001a880000,0x000000001a980000)]

Other Threads:
  0x00000000196e7000 VMThread [stack: 0x000000001a780000,0x000000001a880000] [id=5400]
  0x000000001b0bc800 WatcherThread [stack: 0x000000001b570000,0x000000001b670000] [id=11320]

VM state:not at safepoint (normal execution)

VM Mutex/Monitor currently owned by a thread: None

Heap:
 PSYoungGen      total 37888K, used 11812K [0x00000000d6000000, 0x00000000d8a00000, 0x0000000100000000)
  eden space 32768K, 36% used [0x00000000d6000000,0x00000000d6b893b0,0x00000000d8000000)
  from space 5120K, 0% used [0x00000000d8500000,0x00000000d8500000,0x00000000d8a00000)
  to   space 5120K, 0% used [0x00000000d8000000,0x00000000d8000000,0x00000000d8500000)
 ParOldGen       total 86016K, used 0K [0x0000000082000000, 0x0000000087400000, 0x00000000d6000000)
  object space 86016K, 0% used [0x0000000082000000,0x0000000082000000,0x0000000087400000)
 Metaspace       used 13363K, capacity 13542K, committed 13952K, reserved 1060864K
  class space    used 1740K, capacity 1799K, committed 1920K, reserved 1048576K

Card table byte_map: [0x0000000013ff0000,0x00000000143f0000] byte_map_base: 0x0000000013be0000

Marking Bits: (ParMarkBitMap*) 0x000000005f16a6d0
 Begin Bits: [0x0000000014a90000, 0x0000000016a10000)
 End Bits:   [0x0000000016a10000, 0x0000000018990000)

Polling page: 0x0000000004a20000

CodeCache: size=245760Kb used=3230Kb max_used=3230Kb free=242529Kb
 bounds [0x0000000004c30000, 0x0000000004f60000, 0x0000000013c30000]
 total_blobs=1442 nmethods=943 adapters=411
 compilation: enabled

Compilation events (10 events):
Event: 9.127 Thread 0x0000000019726000  936       3       javax.swing.plaf.synth.SynthLabelUI::getComponentState (25 bytes)
Event: 9.128 Thread 0x0000000019726000 nmethod 936 0x0000000004f55d10 code [0x0000000004f55f40, 0x0000000004f56c68]
Event: 9.128 Thread 0x0000000019726000  940       1       javax.swing.AbstractButton::getModel (5 bytes)
Event: 9.128 Thread 0x0000000019726000 nmethod 940 0x0000000004f4d310 code [0x0000000004f4d460, 0x0000000004f4d570]
Event: 9.128 Thread 0x0000000019726000  938       1       java.awt.Window::getContainer (2 bytes)
Event: 9.128 Thread 0x0000000019726000 nmethod 938 0x0000000004f57150 code [0x0000000004f572a0, 0x0000000004f573b0]
Event: 9.129 Thread 0x0000000019726000  942       3       sun.java2d.SunGraphics2D::isHiDPIImage (29 bytes)
Event: 9.129 Thread 0x0000000019726000 nmethod 942 0x0000000004f57410 code [0x0000000004f575c0, 0x0000000004f57c78]
Event: 9.129 Thread 0x0000000019726000  943       3       sun.java2d.SurfaceData::getSourceSurfaceData (110 bytes)
Event: 9.130 Thread 0x0000000019726000 nmethod 943 0x0000000004f57e10 code [0x0000000004f58000, 0x0000000004f58bf8]

GC Heap History (0 events):
No events

Deoptimization events (10 events):
Event: 0.469 Thread 0x000000001b462800 Uncommon trap: reason=bimorphic action=maybe_recompile pc=0x0000000004e23c84 method=java.util.HashMap.putVal(ILjava/lang/Object;Ljava/lang/Object;ZZ)Ljava/lang/Object; @ 152
Event: 0.518 Thread 0x000000001b462800 Uncommon trap: reason=bimorphic action=maybe_recompile pc=0x0000000004e23c84 method=java.util.HashMap.putVal(ILjava/lang/Object;Ljava/lang/Object;ZZ)Ljava/lang/Object; @ 152
Event: 0.529 Thread 0x000000001b462800 Uncommon trap: reason=bimorphic action=maybe_recompile pc=0x0000000004e23c84 method=java.util.HashMap.putVal(ILjava/lang/Object;Ljava/lang/Object;ZZ)Ljava/lang/Object; @ 152
Event: 0.544 Thread 0x000000001b462800 Uncommon trap: reason=unstable_if action=reinterpret pc=0x0000000004e7bed4 method=java.awt.MultipleGradientPaintContext.indexIntoGradientsArrays(F)I @ 13
Event: 1.762 Thread 0x000000001b462800 Uncommon trap: reason=class_check action=maybe_recompile pc=0x0000000004d9e71c method=java.lang.String.equals(Ljava/lang/Object;)Z @ 8
Event: 1.762 Thread 0x000000001b462800 Uncommon trap: reason=class_check action=maybe_recompile pc=0x0000000004d9e71c method=java.lang.String.equals(Ljava/lang/Object;)Z @ 8
Event: 1.767 Thread 0x000000001b462800 Uncommon trap: reason=unstable_if action=reinterpret pc=0x0000000004e23c34 method=java.util.HashMap.putVal(ILjava/lang/Object;Ljava/lang/Object;ZZ)Ljava/lang/Object; @ 109
Event: 2.906 Thread 0x000000001b462800 Uncommon trap: reason=unstable_if action=reinterpret pc=0x0000000004e2c5b8 method=java.lang.String.<init>([CII)V @ 18
Event: 6.865 Thread 0x000000001b462800 Uncommon trap: reason=class_check action=maybe_recompile pc=0x0000000004d9e71c method=java.lang.String.equals(Ljava/lang/Object;)Z @ 8
Event: 6.865 Thread 0x000000001b462800 Uncommon trap: reason=class_check action=maybe_recompile pc=0x0000000004d9e71c method=java.lang.String.equals(Ljava/lang/Object;)Z @ 8

Internal exceptions (10 events):
Event: 0.279 Thread 0x0000000004a62800 Exception <a 'java/lang/ClassNotFoundException': ToolTip> (0x00000000d640f960) thrown at [C:\re\workspace\8-2-build-windows-amd64-cygwin\jdk8u112\7884\hotspot\src\share\vm\classfile\systemDictionary.cpp, line 210]
Event: 0.280 Thread 0x0000000004a62800 Exception <a 'java/lang/ClassNotFoundException': Tree> (0x00000000d6410580) thrown at [C:\re\workspace\8-2-build-windows-amd64-cygwin\jdk8u112\7884\hotspot\src\share\vm\classfile\systemDictionary.cpp, line 210]
Event: 0.280 Thread 0x0000000004a62800 Exception <a 'java/lang/ClassNotFoundException': Tree> (0x00000000d6410cc0) thrown at [C:\re\workspace\8-2-build-windows-amd64-cygwin\jdk8u112\7884\hotspot\src\share\vm\classfile\systemDictionary.cpp, line 210]
Event: 0.280 Thread 0x0000000004a62800 Exception <a 'java/lang/ClassNotFoundException': javax/swing/JTreeCell> (0x00000000d6411040) thrown at [C:\re\workspace\8-2-build-windows-amd64-cygwin\jdk8u112\7884\hotspot\src\share\vm\classfile\systemDictionary.cpp, line 210]
Event: 0.280 Thread 0x0000000004a62800 Exception <a 'java/lang/ClassNotFoundException': TreeCell> (0x00000000d64114c8) thrown at [C:\re\workspace\8-2-build-windows-amd64-cygwin\jdk8u112\7884\hotspot\src\share\vm\classfile\systemDictionary.cpp, line 210]
Event: 0.281 Thread 0x0000000004a62800 Exception <a 'java/lang/ClassNotFoundException': RootPane> (0x00000000d6411f28) thrown at [C:\re\workspace\8-2-build-windows-amd64-cygwin\jdk8u112\7884\hotspot\src\share\vm\classfile\systemDictionary.cpp, line 210]
Event: 0.477 Thread 0x000000001b462800 Exception <a 'java/io/FileNotFoundException'> (0x00000000d66b1218) thrown at [C:\re\workspace\8-2-build-windows-amd64-cygwin\jdk8u112\7884\hotspot\src\share\vm\prims\jni.cpp, line 709]
Event: 0.480 Thread 0x000000001b462800 Exception <a 'java/io/FileNotFoundException'> (0x00000000d66c79b8) thrown at [C:\re\workspace\8-2-build-windows-amd64-cygwin\jdk8u112\7884\hotspot\src\share\vm\prims\jni.cpp, line 709]
Event: 0.488 Thread 0x000000001b462800 Exception <a 'java/io/FileNotFoundException'> (0x00000000d66e05e8) thrown at [C:\re\workspace\8-2-build-windows-amd64-cygwin\jdk8u112\7884\hotspot\src\share\vm\prims\jni.cpp, line 709]
Event: 0.489 Thread 0x000000001b462800 Exception <a 'java/io/FileNotFoundException'> (0x00000000d66f6890) thrown at [C:\re\workspace\8-2-build-windows-amd64-cygwin\jdk8u112\7884\hotspot\src\share\vm\prims\jni.cpp, line 709]

Events (10 events):
Event: 4.116 Executing VM operation: EnableBiasedLocking
Event: 4.116 Executing VM operation: EnableBiasedLocking done
Event: 6.865 Thread 0x000000001b462800 Uncommon trap: trap_request=0xffffffde fr.pc=0x0000000004d9e71c
Event: 6.865 Thread 0x000000001b462800 DEOPT PACKING pc=0x0000000004d9e71c sp=0x000000001befc6c0
Event: 6.865 Thread 0x000000001b462800 DEOPT UNPACKING pc=0x0000000004c7582a sp=0x000000001befc640 mode 2
Event: 6.865 Thread 0x000000001b462800 Uncommon trap: trap_request=0xffffffde fr.pc=0x0000000004d9e71c
Event: 6.865 Thread 0x000000001b462800 DEOPT PACKING pc=0x0000000004d9e71c sp=0x000000001befc6c0
Event: 6.865 Thread 0x000000001b462800 DEOPT UNPACKING pc=0x0000000004c7582a sp=0x000000001befc640 mode 2
Event: 9.122 Thread 0x000000001c569800 Thread exited: 0x000000001c569800
Event: 9.122 Thread 0x000000001c569800 Thread added: 0x000000001c569800


Dynamic libraries:
0x00007ff7b0b00000 - 0x00007ff7b0b37000 	C:\Program Files\Java\jdk1.8.0_112\bin\java.exe
0x00007ffdac2b0000 - 0x00007ffdac490000 	C:\WINDOWS\SYSTEM32\ntdll.dll
0x00007ffda98d0000 - 0x00007ffda997e000 	C:\WINDOWS\System32\KERNEL32.DLL
0x00007ffda8850000 - 0x00007ffda8ab6000 	C:\WINDOWS\System32\KERNELBASE.dll
0x00007ffda9f90000 - 0x00007ffdaa031000 	C:\WINDOWS\System32\ADVAPI32.dll
0x00007ffdabd60000 - 0x00007ffdabdfd000 	C:\WINDOWS\System32\msvcrt.dll
0x00007ffdabf20000 - 0x00007ffdabf7b000 	C:\WINDOWS\System32\sechost.dll
0x00007ffdabf80000 - 0x00007ffdac09f000 	C:\WINDOWS\System32\RPCRT4.dll
0x00007ffda9980000 - 0x00007ffda9b0f000 	C:\WINDOWS\System32\USER32.dll
0x00007ffda8730000 - 0x00007ffda8750000 	C:\WINDOWS\System32\win32u.dll
0x00007ffda98a0000 - 0x00007ffda98c8000 	C:\WINDOWS\System32\GDI32.dll
0x00007ffda95e0000 - 0x00007ffda9773000 	C:\WINDOWS\System32\gdi32full.dll
0x00007ffda87b0000 - 0x00007ffda884b000 	C:\WINDOWS\System32\msvcp_win.dll
0x00007ffda8d90000 - 0x00007ffda8e86000 	C:\WINDOWS\System32\ucrtbase.dll
0x00007ffda1560000 - 0x00007ffda17c9000 	C:\WINDOWS\WinSxS\amd64_microsoft.windows.common-controls_6595b64144ccf1df_6.0.16299.431_none_15c7d3ee93659e73\COMCTL32.dll
0x00007ffda9b10000 - 0x00007ffda9e18000 	C:\WINDOWS\System32\combase.dll
0x00007ffda86b0000 - 0x00007ffda8722000 	C:\WINDOWS\System32\bcryptPrimitives.dll
0x00007ffdac1f0000 - 0x00007ffdac21d000 	C:\WINDOWS\System32\IMM32.DLL
0x000000005e870000 - 0x000000005e942000 	C:\Program Files\Java\jdk1.8.0_112\jre\bin\msvcr100.dll
0x000000005e950000 - 0x000000005f1ea000 	C:\Program Files\Java\jdk1.8.0_112\jre\bin\server\jvm.dll
0x00007ffdaa040000 - 0x00007ffdaa048000 	C:\WINDOWS\System32\PSAPI.DLL
0x00007ffda02e0000 - 0x00007ffda02ea000 	C:\WINDOWS\SYSTEM32\VERSION.dll
0x00007ffda74c0000 - 0x00007ffda74c9000 	C:\WINDOWS\SYSTEM32\WSOCK32.dll
0x00007ffda6780000 - 0x00007ffda67a3000 	C:\WINDOWS\SYSTEM32\WINMM.dll
0x00007ffdabeb0000 - 0x00007ffdabf1c000 	C:\WINDOWS\System32\WS2_32.dll
0x00007ffda6720000 - 0x00007ffda674a000 	C:\WINDOWS\SYSTEM32\winmmbase.dll
0x00007ffda8b70000 - 0x00007ffda8bba000 	C:\WINDOWS\System32\cfgmgr32.dll
0x000000005f8d0000 - 0x000000005f8df000 	C:\Program Files\Java\jdk1.8.0_112\jre\bin\verify.dll
0x000000005f8a0000 - 0x000000005f8c9000 	C:\Program Files\Java\jdk1.8.0_112\jre\bin\java.dll
0x000000005f850000 - 0x000000005f866000 	C:\Program Files\Java\jdk1.8.0_112\jre\bin\zip.dll
0x00007ffdaa550000 - 0x00007ffdab988000 	C:\WINDOWS\System32\SHELL32.dll
0x00007ffdabe00000 - 0x00007ffdabea6000 	C:\WINDOWS\System32\shcore.dll
0x00007ffda8e90000 - 0x00007ffda95d7000 	C:\WINDOWS\System32\windows.storage.dll
0x00007ffdac220000 - 0x00007ffdac271000 	C:\WINDOWS\System32\shlwapi.dll
0x00007ffda8670000 - 0x00007ffda8681000 	C:\WINDOWS\System32\kernel.appcore.dll
0x00007ffda8600000 - 0x00007ffda864c000 	C:\WINDOWS\System32\powrprof.dll
0x00007ffda8690000 - 0x00007ffda86ab000 	C:\WINDOWS\System32\profapi.dll
0x000000005e690000 - 0x000000005e828000 	C:\Program Files\Java\jdk1.8.0_112\jre\bin\awt.dll
0x00007ffdac0a0000 - 0x00007ffdac165000 	C:\WINDOWS\System32\OLEAUT32.dll
0x00007ffda6920000 - 0x00007ffda69a8000 	C:\WINDOWS\SYSTEM32\apphelp.dll
0x00007ffda6b50000 - 0x00007ffda6be5000 	C:\WINDOWS\system32\uxtheme.dll
0x00007ffda9e20000 - 0x00007ffda9f87000 	C:\WINDOWS\System32\MSCTF.dll
0x00007ffda6cd0000 - 0x00007ffda6cfa000 	C:\WINDOWS\system32\dwmapi.dll
0x00007ffdabc10000 - 0x00007ffdabd59000 	C:\WINDOWS\System32\ole32.dll
0x000000005e640000 - 0x000000005e687000 	C:\Program Files\Java\jdk1.8.0_112\jre\bin\fontmanager.dll
0x00007ffd79100000 - 0x00007ffd7921e000 	C:\WINDOWS\system32\opengl32.dll
0x00007ffda25f0000 - 0x00007ffda261c000 	C:\WINDOWS\SYSTEM32\GLU32.dll
0x000000005e850000 - 0x000000005e86a000 	C:\Program Files\Java\jdk1.8.0_112\jre\bin\net.dll
0x00007ffda7e30000 - 0x00007ffda7e96000 	C:\WINDOWS\system32\mswsock.dll
0x000000005e830000 - 0x000000005e841000 	C:\Program Files\Java\jdk1.8.0_112\jre\bin\nio.dll
0x000000005e5f0000 - 0x000000005e632000 	C:\Program Files\Java\jdk1.8.0_112\jre\bin\t2k.dll
0x0000000180000000 - 0x0000000180025000 	D:\UoM FIT\L4S2\IT Based Project\Green House Project\GreenhouseService\rxtxSerial.dll
0x00007ffd9bb10000 - 0x00007ffd9bba8000 	C:\WINDOWS\System32\TextInputFramework.dll
0x00007ffd9b820000 - 0x00007ffd9bb0e000 	C:\WINDOWS\System32\CoreUIComponents.dll
0x00007ffda5bf0000 - 0x00007ffda5ccc000 	C:\WINDOWS\System32\CoreMessaging.dll
0x00007ffda42d0000 - 0x00007ffda4406000 	C:\WINDOWS\SYSTEM32\wintypes.dll
0x00007ffda7730000 - 0x00007ffda7761000 	C:\WINDOWS\SYSTEM32\ntmarta.dll
0x000000005e5c0000 - 0x000000005e5ea000 	C:\Program Files\Java\jdk1.8.0_112\jre\bin\dcpr.dll
0x00007ffda7160000 - 0x00007ffda7328000 	C:\WINDOWS\SYSTEM32\dbghelp.dll

VM Arguments:
jvm_args: -Dfile.encoding=UTF-8 
java_command: greenhouseservice.view.MainFrame
java_class_path (initial): D:\UoM FIT\L4S2\IT Based Project\Green House Project\GreenhouseService\lib\RXTXcomm.jar;D:\UoM FIT\L4S2\IT Based Project\Green House Project\GreenhouseService\lib\JTattoo.jar;D:\UoM FIT\L4S2\IT Based Project\Green House Project\GreenhouseService\lib\JCalendar\jcalendar-1.4.jar;D:\UoM FIT\L4S2\IT Based Project\Green House Project\GreenhouseService\build\classes
Launcher Type: SUN_STANDARD

Environment Variables:
JAVA_HOME=C:\Program Files\Java\jdk1.8.0_101
CLASSPATH=D:\Projects 2012 & 2013\Java Working Folder\jfreechart-1.0.13\jfreechart-1.0.13\lib\jfreechart-1.0.13.jar;D:\Projects 2012 & 2013\Java Working Folder\jfreechart-1.0.13\jfreechart-1.0.13\lib\jcommon-1.0.16.jar
USERNAME=Hasitha Lakmal
OS=Windows_NT
PROCESSOR_IDENTIFIER=Intel64 Family 6 Model 78 Stepping 3, GenuineIntel



---------------  S Y S T E M  ---------------

OS: Windows 10.0 , 64 bit Build 16299 (10.0.16299.431)

CPU:total 4 (2 cores per cpu, 2 threads per core) family 6 model 78 stepping 3, cmov, cx8, fxsr, mmx, sse, sse2, sse3, ssse3, sse4.1, sse4.2, popcnt, avx, avx2, aes, clmul, erms, 3dnowpref, lzcnt, ht, tsc, tscinvbit, bmi1, bmi2, adx

Memory: 4k page, physical 8249456k(1710076k free), swap 16498912k(5882820k free)

vm_info: Java HotSpot(TM) 64-Bit Server VM (25.112-b15) for windows-amd64 JRE (1.8.0_112-b15), built on Sep 22 2016 21:31:56 by "java_re" with MS VC++ 10.0 (VS2010)

time: Wed Jun 06 21:23:50 2018
elapsed time: 9 seconds (0d 0h 0m 9s)

